2025-08-10 18:49     
正在抓取第 1 页
2025-08-10 18:49     1.PDF保存成功
2025-08-10 18:49     找到 6 个附件
2025-08-10 18:49     下载成功: D:\海关接口\海关数据推送\output\downloads\hgfg\1.针对苹果蠹蛾的系统措施.docx
2025-08-10 18:49     下载成功: D:\海关接口\海关数据推送\output\downloads\hgfg\2.针对美澳型褐腐病菌和果壳色单隔孢溃疡病菌的系统措施.docx
2025-08-10 18:49     下载成功: D:\海关接口\海关数据推送\output\downloads\hgfg\3.出口前冷处理操作程序.docx
2025-08-10 18:49     下载成功: D:\海关接口\海关数据推送\output\downloads\hgfg\4.运输途中冷处理操作程序.docx
2025-08-10 18:49     下载成功: D:\海关接口\海关数据推送\output\downloads\hgfg\海关总署关于进口澳大利亚鲜食苹果植物检疫要求的公告.doc
2025-08-10 18:49     下载成功: D:\海关接口\海关数据推送\output\downloads\hgfg\海关总署关于进口澳大利亚鲜食苹果植物检疫要求的公告.pdf
2025-08-10 18:49     PDF文件已添加到ZIP包
2025-08-10 18:49     PNG截图已添加到ZIP包
2025-08-10 18:49     附件 1.针对苹果蠹蛾的系统措施.docx 已添加到ZIP包
2025-08-10 18:49     附件 2.针对美澳型褐腐病菌和果壳色单隔孢溃疡病菌的系统措施.docx 已添加到ZIP包
2025-08-10 18:49     附件 3.出口前冷处理操作程序.docx 已添加到ZIP包
2025-08-10 18:49     附件 4.运输途中冷处理操作程序.docx 已添加到ZIP包
2025-08-10 18:49     附件 海关总署关于进口澳大利亚鲜食苹果植物检疫要求的公告.doc 已添加到ZIP包
2025-08-10 18:49     附件 海关总署关于进口澳大利亚鲜食苹果植物检疫要求的公告.pdf 已添加到ZIP包
2025-08-10 18:49     ZIP包创建成功: D:\海关接口\海关数据推送\output\downloads\hgfg\2025-08-05_关于进口澳大利亚鲜食苹果植物检疫要求的公告.zip, 包含 8 个文件
2025-08-10 18:49     临时文件清理完成
2025-08-10 18:49     2.PDF保存成功
2025-08-10 18:49     找到 4 个附件
2025-08-10 18:49     下载成功: D:\海关接口\海关数据推送\output\downloads\hgfg\1.废止的动植物检疫类规范性文件目录.xlsx
2025-08-10 18:49     下载成功: D:\海关接口\海关数据推送\output\downloads\hgfg\2.宣布失效的动植物检疫类规范性文件目录.xlsx
2025-08-10 18:49     下载成功: D:\海关接口\海关数据推送\output\downloads\hgfg\海关总署关于废止和宣布失效部分动植物检疫类规范性文件的公告.doc
2025-08-10 18:49     下载成功: D:\海关接口\海关数据推送\output\downloads\hgfg\海关总署关于废止和宣布失效部分动植物检疫类规范性文件的公告.pdf
2025-08-10 18:49     PDF文件已添加到ZIP包
2025-08-10 18:49     PNG截图已添加到ZIP包
2025-08-10 18:49     附件 1.废止的动植物检疫类规范性文件目录.xlsx 已添加到ZIP包
2025-08-10 18:49     附件 2.宣布失效的动植物检疫类规范性文件目录.xlsx 已添加到ZIP包
2025-08-10 18:49     附件 海关总署关于废止和宣布失效部分动植物检疫类规范性文件的公告.doc 已添加到ZIP包
2025-08-10 18:49     附件 海关总署关于废止和宣布失效部分动植物检疫类规范性文件的公告.pdf 已添加到ZIP包
2025-08-10 18:49     ZIP包创建成功: D:\海关接口\海关数据推送\output\downloads\hgfg\2025-08-01_关于废止和宣布失效部分动植物检疫类规范性文件的公告.zip, 包含 6 个文件
2025-08-10 18:49     临时文件清理完成
2025-08-10 18:49     3.PDF保存成功
2025-08-10 18:49     找到 5 个附件
2025-08-10 18:49     下载成功: D:\海关接口\海关数据推送\output\downloads\hgfg\1.出口前冷处理操作程序.docx
2025-08-10 18:49     下载成功: D:\海关接口\海关数据推送\output\downloads\hgfg\2.运输途中冷处理操作程序.docx
2025-08-10 18:49     下载成功: D:\海关接口\海关数据推送\output\downloads\hgfg\3.针对桃蛀果蛾的系统措施.docx
2025-08-10 18:49     下载成功: D:\海关接口\海关数据推送\output\downloads\hgfg\海关总署关于中国鲜枣出口澳大利亚植物检疫要求的公告.doc
2025-08-10 18:49     下载成功: D:\海关接口\海关数据推送\output\downloads\hgfg\海关总署关于中国鲜枣出口澳大利亚植物检疫要求的公告.pdf
2025-08-10 18:49     PDF文件已添加到ZIP包
2025-08-10 18:49     PNG截图已添加到ZIP包
2025-08-10 18:49     附件 1.出口前冷处理操作程序.docx 已添加到ZIP包
2025-08-10 18:49     附件 2.运输途中冷处理操作程序.docx 已添加到ZIP包
2025-08-10 18:49     附件 3.针对桃蛀果蛾的系统措施.docx 已添加到ZIP包
2025-08-10 18:49     附件 海关总署关于中国鲜枣出口澳大利亚植物检疫要求的公告.doc 已添加到ZIP包
2025-08-10 18:49     附件 海关总署关于中国鲜枣出口澳大利亚植物检疫要求的公告.pdf 已添加到ZIP包
2025-08-10 18:49     ZIP包创建成功: D:\海关接口\海关数据推送\output\downloads\hgfg\2025-08-01_关于中国鲜枣出口澳大利亚植物检疫要求的公告.zip, 包含 7 个文件
2025-08-10 18:49     临时文件清理完成
2025-08-10 18:49     4.PDF保存成功
2025-08-10 18:49     找到 2 个附件
2025-08-10 18:49     下载成功: D:\海关接口\海关数据推送\output\downloads\hgfg\海关总署关于进口新西兰鹿茸鹿角检疫和卫生要求的公告.doc
2025-08-10 18:49     下载成功: D:\海关接口\海关数据推送\output\downloads\hgfg\海关总署关于进口新西兰鹿茸鹿角检疫和卫生要求的公告.pdf
2025-08-10 18:49     PDF文件已添加到ZIP包
2025-08-10 18:49     PNG截图已添加到ZIP包
2025-08-10 18:49     附件 海关总署关于进口新西兰鹿茸鹿角检疫和卫生要求的公告.doc 已添加到ZIP包
2025-08-10 18:49     附件 海关总署关于进口新西兰鹿茸鹿角检疫和卫生要求的公告.pdf 已添加到ZIP包
2025-08-10 18:49     ZIP包创建成功: D:\海关接口\海关数据推送\output\downloads\hgfg\2025-07-29_关于进口新西兰鹿茸鹿角检疫和卫生要求的公告.zip, 包含 4 个文件
2025-08-10 18:49     临时文件清理完成
2025-08-10 18:49     5.PDF保存成功
2025-08-10 18:49     找到 2 个附件
2025-08-10 18:49     下载成功: D:\海关接口\海关数据推送\output\downloads\hgfg\海关总署关于实施中国—贝宁海关“经认证的经营者”（AEO）互认的公告.doc
2025-08-10 18:49     下载成功: D:\海关接口\海关数据推送\output\downloads\hgfg\海关总署关于实施中国—贝宁海关“经认证的经营者”（AEO）互认的公告.pdf
2025-08-10 18:49     PDF文件已添加到ZIP包
2025-08-10 18:49     PNG截图已添加到ZIP包
2025-08-10 18:49     附件 海关总署关于实施中国—贝宁海关“经认证的经营者”（AEO）互认的公告.doc 已添加到ZIP包
2025-08-10 18:49     附件 海关总署关于实施中国—贝宁海关“经认证的经营者”（AEO）互认的公告.pdf 已添加到ZIP包
2025-08-10 18:49     ZIP包创建成功: D:\海关接口\海关数据推送\output\downloads\hgfg\2025-07-29_关于实施中国—贝宁海关“经认证的经营者”（AEO）互认的公告.zip, 包含 4 个文件
2025-08-10 18:49     临时文件清理完成
2025-08-10 18:49     6.PDF保存成功
2025-08-10 18:49     找到 2 个附件
2025-08-10 18:49     下载成功: D:\海关接口\海关数据推送\output\downloads\hgfg\海关总署关于发布《中华人民共和国海关对上海东方枢纽国际商务合作区监管暂行办法》的公告.doc
2025-08-10 18:49     下载成功: D:\海关接口\海关数据推送\output\downloads\hgfg\海关总署关于发布《中华人民共和国海关对上海东方枢纽国际商务合作区监管暂行办法》的公告.pdf
2025-08-10 18:49     PDF文件已添加到ZIP包
2025-08-10 18:49     PNG截图已添加到ZIP包
2025-08-10 18:49     附件 海关总署关于发布《中华人民共和国海关对上海东方枢纽国际商务合作区监管暂行办法》的公告.doc 已添加到ZIP包
2025-08-10 18:49     附件 海关总署关于发布《中华人民共和国海关对上海东方枢纽国际商务合作区监管暂行办法》的公告.pdf 已添加到ZIP包
2025-08-10 18:49     ZIP包创建成功: D:\海关接口\海关数据推送\output\downloads\hgfg\2025-07-29_关于发布《中华人民共和国海关对上海东方枢纽国际商务合作区监管暂行办法》的公告.zip, 包含 4 个文件
2025-08-10 18:49     临时文件清理完成
2025-08-10 18:49     7.PDF保存成功
2025-08-10 18:49     找到 3 个附件
2025-08-10 18:49     下载成功: D:\海关接口\海关数据推送\output\downloads\hgfg\新方关注的有害生物防控措施.docx
2025-08-10 18:49     下载成功: D:\海关接口\海关数据推送\output\downloads\hgfg\海关总署关于中国柚子出口新西兰植物检疫要求的公告.doc
2025-08-10 18:49     下载成功: D:\海关接口\海关数据推送\output\downloads\hgfg\海关总署关于中国柚子出口新西兰植物检疫要求的公告.pdf
2025-08-10 18:49     PDF文件已添加到ZIP包
2025-08-10 18:49     PNG截图已添加到ZIP包
2025-08-10 18:49     附件 新方关注的有害生物防控措施.docx 已添加到ZIP包
2025-08-10 18:49     附件 海关总署关于中国柚子出口新西兰植物检疫要求的公告.doc 已添加到ZIP包
2025-08-10 18:49     附件 海关总署关于中国柚子出口新西兰植物检疫要求的公告.pdf 已添加到ZIP包
2025-08-10 18:49     ZIP包创建成功: D:\海关接口\海关数据推送\output\downloads\hgfg\2025-07-28_关于中国柚子出口新西兰植物检疫要求的公告.zip, 包含 5 个文件
2025-08-10 18:49     临时文件清理完成
2025-08-10 18:49     8.PDF保存成功
2025-08-10 18:49     找到 2 个附件
2025-08-10 18:49     下载成功: D:\海关接口\海关数据推送\output\downloads\hgfg\海关总署关于实施中国—泰国海关“经认证的经营者”（AEO）互认的公告.doc
2025-08-10 18:49     下载成功: D:\海关接口\海关数据推送\output\downloads\hgfg\海关总署关于实施中国—泰国海关“经认证的经营者”（AEO）互认的公告.pdf
2025-08-10 18:49     PDF文件已添加到ZIP包
2025-08-10 18:49     PNG截图已添加到ZIP包
2025-08-10 18:49     附件 海关总署关于实施中国—泰国海关“经认证的经营者”（AEO）互认的公告.doc 已添加到ZIP包
2025-08-10 18:49     附件 海关总署关于实施中国—泰国海关“经认证的经营者”（AEO）互认的公告.pdf 已添加到ZIP包
2025-08-10 18:49     ZIP包创建成功: D:\海关接口\海关数据推送\output\downloads\hgfg\2025-07-25_关于实施中国—泰国海关“经认证的经营者”（AEO）互认的公告.zip, 包含 4 个文件
2025-08-10 18:49     临时文件清理完成
2025-08-10 18:50     9.PDF保存成功
2025-08-10 18:50     找到 3 个附件
2025-08-10 18:50     下载成功: D:\海关接口\海关数据推送\output\downloads\hgfg\输华芒果热水处理要求.docx
2025-08-10 18:50     下载成功: D:\海关接口\海关数据推送\output\downloads\hgfg\海关总署关于进口厄瓜多尔芒果植物检疫要求的公告.doc
2025-08-10 18:50     下载成功: D:\海关接口\海关数据推送\output\downloads\hgfg\海关总署关于进口厄瓜多尔芒果植物检疫要求的公告.pdf
2025-08-10 18:50     PDF文件已添加到ZIP包
2025-08-10 18:50     PNG截图已添加到ZIP包
2025-08-10 18:50     附件 输华芒果热水处理要求.docx 已添加到ZIP包
2025-08-10 18:50     附件 海关总署关于进口厄瓜多尔芒果植物检疫要求的公告.doc 已添加到ZIP包
2025-08-10 18:50     附件 海关总署关于进口厄瓜多尔芒果植物检疫要求的公告.pdf 已添加到ZIP包
2025-08-10 18:50     ZIP包创建成功: D:\海关接口\海关数据推送\output\downloads\hgfg\2025-07-25_关于进口厄瓜多尔芒果植物检疫要求的公告.zip, 包含 5 个文件
2025-08-10 18:50     临时文件清理完成
2025-08-10 18:50     10.PDF保存成功
2025-08-10 18:50     找到 3 个附件
2025-08-10 18:50     下载成功: D:\海关接口\海关数据推送\output\downloads\hgfg\《进口锂离子电池用再生黑粉原料检验规程》等64项行业标准目录.xls
2025-08-10 18:50     下载成功: D:\海关接口\海关数据推送\output\downloads\hgfg\海关总署关于发布《进口锂离子电池用再生黑粉原料检验规程》等64项行业标准的公告.doc
2025-08-10 18:50     下载成功: D:\海关接口\海关数据推送\output\downloads\hgfg\海关总署关于发布《进口锂离子电池用再生黑粉原料检验规程》等64项行业标准的公告.pdf
2025-08-10 18:50     PDF文件已添加到ZIP包
2025-08-10 18:50     PNG截图已添加到ZIP包
2025-08-10 18:50     附件 《进口锂离子电池用再生黑粉原料检验规程》等64项行业标准目录.xls 已添加到ZIP包
2025-08-10 18:50     附件 海关总署关于发布《进口锂离子电池用再生黑粉原料检验规程》等64项行业标准的公告.doc 已添加到ZIP包
2025-08-10 18:50     附件 海关总署关于发布《进口锂离子电池用再生黑粉原料检验规程》等64项行业标准的公告.pdf 已添加到ZIP包
2025-08-10 18:50     ZIP包创建成功: D:\海关接口\海关数据推送\output\downloads\hgfg\2025-07-25_关于发布《进口锂离子电池用再生黑粉原料检验规程》等64项行业标准的公告.zip, 包含 5 个文件
2025-08-10 18:50     临时文件清理完成
2025-08-10 18:50     11.PDF保存成功
2025-08-10 18:50     找到 2 个附件
2025-08-10 18:50     下载成功: D:\海关接口\海关数据推送\output\downloads\hgfg\海关总署关于发布《中华人民共和国海关对海南自由贸易港监管办法》的公告.doc
2025-08-10 18:50     下载成功: D:\海关接口\海关数据推送\output\downloads\hgfg\海关总署关于发布《中华人民共和国海关对海南自由贸易港监管办法》的公告.pdf
2025-08-10 18:50     PDF文件已添加到ZIP包
2025-08-10 18:50     PNG截图已添加到ZIP包
2025-08-10 18:50     附件 海关总署关于发布《中华人民共和国海关对海南自由贸易港监管办法》的公告.doc 已添加到ZIP包
2025-08-10 18:50     附件 海关总署关于发布《中华人民共和国海关对海南自由贸易港监管办法》的公告.pdf 已添加到ZIP包
2025-08-10 18:50     ZIP包创建成功: D:\海关接口\海关数据推送\output\downloads\hgfg\2025-07-23_关于发布《中华人民共和国海关对海南自由贸易港监管办法》的公告.zip, 包含 4 个文件
2025-08-10 18:50     临时文件清理完成
2025-08-10 18:50     12.PDF保存成功
2025-08-10 18:50     找到 2 个附件
2025-08-10 18:50     下载成功: D:\海关接口\海关数据推送\output\downloads\hgfg\海关总署关于发布《中华人民共和国海关对海南自由贸易港加工增值免关税货物税收征管暂行办法》的公告.doc
2025-08-10 18:50     下载成功: D:\海关接口\海关数据推送\output\downloads\hgfg\海关总署关于发布《中华人民共和国海关对海南自由贸易港加工增值免关税货物税收征管暂行办法》的公告.pdf
2025-08-10 18:50     PDF文件已添加到ZIP包
2025-08-10 18:50     PNG截图已添加到ZIP包
2025-08-10 18:50     附件 海关总署关于发布《中华人民共和国海关对海南自由贸易港加工增值免关税货物税收征管暂行办法》的公告.doc 已添加到ZIP包
2025-08-10 18:50     附件 海关总署关于发布《中华人民共和国海关对海南自由贸易港加工增值免关税货物税收征管暂行办法》的公告.pdf 已添加到ZIP包
2025-08-10 18:50     ZIP包创建成功: D:\海关接口\海关数据推送\output\downloads\hgfg\2025-07-23_关于发布《中华人民共和国海关对海南自由贸易港加工增值免关税货物税收征管暂行办法》的公告.zip, 包含 4 个文件
2025-08-10 18:50     临时文件清理完成
2025-08-10 18:50     13.PDF保存成功
2025-08-10 18:50     找到 2 个附件
2025-08-10 18:50     下载成功: D:\海关接口\海关数据推送\output\downloads\hgfg\海关总署关于进口刚果共和国花生植物检疫要求的公告.doc
2025-08-10 18:50     下载成功: D:\海关接口\海关数据推送\output\downloads\hgfg\海关总署关于进口刚果共和国花生植物检疫要求的公告.pdf
2025-08-10 18:50     PDF文件已添加到ZIP包
2025-08-10 18:50     PNG截图已添加到ZIP包
2025-08-10 18:50     附件 海关总署关于进口刚果共和国花生植物检疫要求的公告.doc 已添加到ZIP包
2025-08-10 18:50     附件 海关总署关于进口刚果共和国花生植物检疫要求的公告.pdf 已添加到ZIP包
2025-08-10 18:50     ZIP包创建成功: D:\海关接口\海关数据推送\output\downloads\hgfg\2025-07-21_关于进口刚果共和国花生植物检疫要求的公告.zip, 包含 4 个文件
2025-08-10 18:50     临时文件清理完成
2025-08-10 18:50     14.PDF保存成功
2025-08-10 18:50     找到 2 个附件
2025-08-10 18:50     下载成功: D:\海关接口\海关数据推送\output\downloads\hgfg\海关总署关于进口新西兰野生水产品检验检疫和卫生要求的公告.doc
2025-08-10 18:50     下载成功: D:\海关接口\海关数据推送\output\downloads\hgfg\海关总署关于进口新西兰野生水产品检验检疫和卫生要求的公告.pdf
2025-08-10 18:50     PDF文件已添加到ZIP包
2025-08-10 18:50     PNG截图已添加到ZIP包
2025-08-10 18:50     附件 海关总署关于进口新西兰野生水产品检验检疫和卫生要求的公告.doc 已添加到ZIP包
2025-08-10 18:50     附件 海关总署关于进口新西兰野生水产品检验检疫和卫生要求的公告.pdf 已添加到ZIP包
2025-08-10 18:50     ZIP包创建成功: D:\海关接口\海关数据推送\output\downloads\hgfg\2025-07-21_关于进口新西兰野生水产品检验检疫和卫生要求的公告.zip, 包含 4 个文件
2025-08-10 18:50     临时文件清理完成
2025-08-10 18:50     15.PDF保存成功
2025-08-10 18:50     找到 2 个附件
2025-08-10 18:50     下载成功: D:\海关接口\海关数据推送\output\downloads\hgfg\海关总署 农业农村部关于防止北马其顿东北大区新城疫传入我国的公告.doc
2025-08-10 18:50     下载成功: D:\海关接口\海关数据推送\output\downloads\hgfg\海关总署 农业农村部关于防止北马其顿东北大区新城疫传入我国的公告.pdf
2025-08-10 18:50     PDF文件已添加到ZIP包
2025-08-10 18:50     PNG截图已添加到ZIP包
2025-08-10 18:50     附件 海关总署 农业农村部关于防止北马其顿东北大区新城疫传入我国的公告.doc 已添加到ZIP包
2025-08-10 18:50     附件 海关总署 农业农村部关于防止北马其顿东北大区新城疫传入我国的公告.pdf 已添加到ZIP包
2025-08-10 18:50     ZIP包创建成功: D:\海关接口\海关数据推送\output\downloads\hgfg\2025-07-18_关于防止北马其顿东北大区新城疫传入我国的公告.zip, 包含 4 个文件
2025-08-10 18:50     临时文件清理完成
2025-08-10 18:50     
正在抓取第 2 页
2025-08-10 18:50     1.PDF保存成功
2025-08-10 18:50     找到 2 个附件
2025-08-10 18:50     下载成功: D:\海关接口\海关数据推送\output\downloads\hgfg\海关总署 农业农村部关于解除沙特高致病性禽流感疫情禁令的公告.doc
2025-08-10 18:50     下载成功: D:\海关接口\海关数据推送\output\downloads\hgfg\海关总署 农业农村部关于解除沙特高致病性禽流感疫情禁令的公告.pdf
2025-08-10 18:50     PDF文件已添加到ZIP包
2025-08-10 18:50     PNG截图已添加到ZIP包
2025-08-10 18:50     附件 海关总署 农业农村部关于解除沙特高致病性禽流感疫情禁令的公告.doc 已添加到ZIP包
2025-08-10 18:50     附件 海关总署 农业农村部关于解除沙特高致病性禽流感疫情禁令的公告.pdf 已添加到ZIP包
2025-08-10 18:50     ZIP包创建成功: D:\海关接口\海关数据推送\output\downloads\hgfg\2025-07-18_关于解除沙特高致病性禽流感疫情禁令的公告.zip, 包含 4 个文件
2025-08-10 18:50     临时文件清理完成
2025-08-10 18:50     2.PDF保存成功
2025-08-10 18:50     找到 2 个附件
2025-08-10 18:50     下载成功: D:\海关接口\海关数据推送\output\downloads\hgfg\海关总署 农业农村部关于防止贝宁口蹄疫传入我国的公告.doc
2025-08-10 18:50     下载成功: D:\海关接口\海关数据推送\output\downloads\hgfg\海关总署 农业农村部关于防止贝宁口蹄疫传入我国的公告.pdf
2025-08-10 18:50     PDF文件已添加到ZIP包
2025-08-10 18:50     PNG截图已添加到ZIP包
2025-08-10 18:50     附件 海关总署 农业农村部关于防止贝宁口蹄疫传入我国的公告.doc 已添加到ZIP包
2025-08-10 18:50     附件 海关总署 农业农村部关于防止贝宁口蹄疫传入我国的公告.pdf 已添加到ZIP包
2025-08-10 18:50     ZIP包创建成功: D:\海关接口\海关数据推送\output\downloads\hgfg\2025-07-18_关于防止贝宁口蹄疫传入我国的公告.zip, 包含 4 个文件
2025-08-10 18:50     临时文件清理完成
2025-08-10 18:50     3.PDF保存成功
2025-08-10 18:50     找到 2 个附件
2025-08-10 18:50     下载成功: D:\海关接口\海关数据推送\output\downloads\hgfg\海关总署 农业农村部关于防止利比里亚小反刍兽疫传入我国的公告.doc
2025-08-10 18:50     下载成功: D:\海关接口\海关数据推送\output\downloads\hgfg\海关总署 农业农村部关于防止利比里亚小反刍兽疫传入我国的公告.pdf
2025-08-10 18:50     PDF文件已添加到ZIP包
2025-08-10 18:50     PNG截图已添加到ZIP包
2025-08-10 18:50     附件 海关总署 农业农村部关于防止利比里亚小反刍兽疫传入我国的公告.doc 已添加到ZIP包
2025-08-10 18:50     附件 海关总署 农业农村部关于防止利比里亚小反刍兽疫传入我国的公告.pdf 已添加到ZIP包
2025-08-10 18:50     ZIP包创建成功: D:\海关接口\海关数据推送\output\downloads\hgfg\2025-07-18_关于防止利比里亚小反刍兽疫传入我国的公告.zip, 包含 4 个文件
2025-08-10 18:50     临时文件清理完成
2025-08-10 18:50     4.PDF保存成功
2025-08-10 18:50     找到 5 个附件
2025-08-10 18:50     下载成功: D:\海关接口\海关数据推送\output\downloads\hgfg\1.新一轮样本企业名单（出口）.xls
2025-08-10 18:50     下载成功: D:\海关接口\海关数据推送\output\downloads\hgfg\2.新一轮样本企业名单（进口）.xls
2025-08-10 18:50     下载成功: D:\海关接口\海关数据推送\output\downloads\hgfg\3.中国海关贸易景气统计调查表式.doc
2025-08-10 18:50     下载成功: D:\海关接口\海关数据推送\output\downloads\hgfg\海关总署关于调整中国海关贸易景气调查样本企业的公告.doc
2025-08-10 18:50     下载成功: D:\海关接口\海关数据推送\output\downloads\hgfg\海关总署关于调整中国海关贸易景气调查样本企业的公告.pdf
2025-08-10 18:50     PDF文件已添加到ZIP包
2025-08-10 18:50     PNG截图已添加到ZIP包
2025-08-10 18:50     附件 1.新一轮样本企业名单（出口）.xls 已添加到ZIP包
2025-08-10 18:50     附件 2.新一轮样本企业名单（进口）.xls 已添加到ZIP包
2025-08-10 18:50     附件 3.中国海关贸易景气统计调查表式.doc 已添加到ZIP包
2025-08-10 18:50     附件 海关总署关于调整中国海关贸易景气调查样本企业的公告.doc 已添加到ZIP包
2025-08-10 18:51     附件 海关总署关于调整中国海关贸易景气调查样本企业的公告.pdf 已添加到ZIP包
2025-08-10 18:51     ZIP包创建成功: D:\海关接口\海关数据推送\output\downloads\hgfg\2025-07-18_关于调整中国海关贸易景气调查样本企业的公告.zip, 包含 7 个文件
2025-08-10 18:51     临时文件清理完成
2025-08-10 18:51     5.PDF保存成功
2025-08-10 18:51     找到 3 个附件
2025-08-10 18:51     下载成功: D:\海关接口\海关数据推送\output\downloads\hgfg\实施法定检验以外进出口商品抽查检验的商品范围.doc
2025-08-10 18:51     下载成功: D:\海关接口\海关数据推送\output\downloads\hgfg\海关总署关于开展2025年度法定检验以外进出口商品抽查检验工作的公告.doc
2025-08-10 18:51     下载成功: D:\海关接口\海关数据推送\output\downloads\hgfg\海关总署关于开展2025年度法定检验以外进出口商品抽查检验工作的公告.pdf
2025-08-10 18:51     PDF文件已添加到ZIP包
2025-08-10 18:51     PNG截图已添加到ZIP包
2025-08-10 18:51     附件 实施法定检验以外进出口商品抽查检验的商品范围.doc 已添加到ZIP包
2025-08-10 18:51     附件 海关总署关于开展2025年度法定检验以外进出口商品抽查检验工作的公告.doc 已添加到ZIP包
2025-08-10 18:51     附件 海关总署关于开展2025年度法定检验以外进出口商品抽查检验工作的公告.pdf 已添加到ZIP包
2025-08-10 18:51     ZIP包创建成功: D:\海关接口\海关数据推送\output\downloads\hgfg\2025-07-17_关于开展2025年度法定检验以外进出口商品抽查检验工作的公告.zip, 包含 5 个文件
2025-08-10 18:51     临时文件清理完成
2025-08-10 18:51     6.PDF保存成功
2025-08-10 18:51     找到 2 个附件
2025-08-10 18:51     下载成功: D:\海关接口\海关数据推送\output\downloads\hgfg\海关总署关于进口冈比亚花生植物检疫要求的公告.doc
2025-08-10 18:51     下载成功: D:\海关接口\海关数据推送\output\downloads\hgfg\海关总署关于进口冈比亚花生植物检疫要求的公告.pdf
2025-08-10 18:51     PDF文件已添加到ZIP包
2025-08-10 18:51     PNG截图已添加到ZIP包
2025-08-10 18:51     附件 海关总署关于进口冈比亚花生植物检疫要求的公告.doc 已添加到ZIP包
2025-08-10 18:51     附件 海关总署关于进口冈比亚花生植物检疫要求的公告.pdf 已添加到ZIP包
2025-08-10 18:51     ZIP包创建成功: D:\海关接口\海关数据推送\output\downloads\hgfg\2025-07-16_关于进口冈比亚花生植物检疫要求的公告.zip, 包含 4 个文件
2025-08-10 18:51     临时文件清理完成
2025-08-10 18:51     7.PDF保存成功
2025-08-10 18:51     找到 4 个附件
2025-08-10 18:51     下载成功: D:\海关接口\海关数据推送\output\downloads\hgfg\1.2025年第八届中国国际进口博览会海关通关须知.docx
2025-08-10 18:51     下载成功: D:\海关接口\海关数据推送\output\downloads\hgfg\2.海关支持2025年第八届中国国际进口博览会便利措施.docx
2025-08-10 18:51     下载成功: D:\海关接口\海关数据推送\output\downloads\hgfg\海关总署关于发布《2025年第八届中国国际进口博览会海关通关须知》和《海关支持2025年第八届中国国际进口博览会便利措施》的公告.doc
2025-08-10 18:51     下载成功: D:\海关接口\海关数据推送\output\downloads\hgfg\海关总署关于发布《2025年第八届中国国际进口博览会海关通关须知》和《海关支持2025年第八届中国国际进口博览会便利措施》的公告.pdf
2025-08-10 18:51     PDF文件已添加到ZIP包
2025-08-10 18:51     PNG截图已添加到ZIP包
2025-08-10 18:51     附件 1.2025年第八届中国国际进口博览会海关通关须知.docx 已添加到ZIP包
2025-08-10 18:51     附件 2.海关支持2025年第八届中国国际进口博览会便利措施.docx 已添加到ZIP包
2025-08-10 18:51     附件 海关总署关于发布《2025年第八届中国国际进口博览会海关通关须知》和《海关支持2025年第八届中国国际进口博览会便利措施》的公告.doc 已添加到ZIP包
2025-08-10 18:51     附件 海关总署关于发布《2025年第八届中国国际进口博览会海关通关须知》和《海关支持2025年第八届中国国际进口博览会便利措施》的公告.pdf 已添加到ZIP包
2025-08-10 18:51     ZIP包创建成功: D:\海关接口\海关数据推送\output\downloads\hgfg\2025-07-16_关于发布《2025年第八届中国国际进口博览会海关通关须知》和《海关支持2025年第八届中国国际进口博览会便利措施》的公告.zip, 包含 6 个文件
2025-08-10 18:51     临时文件清理完成
2025-08-10 18:51     8.PDF保存成功
2025-08-10 18:51     找到 4 个附件
2025-08-10 18:51     下载成功: D:\海关接口\海关数据推送\output\downloads\hgfg\1.食品法典可接受的曾运货物清单.docx
2025-08-10 18:51     下载成功: D:\海关接口\海关数据推送\output\downloads\hgfg\2.食品法典禁止的最近曾运货物清单.docx
2025-08-10 18:51     下载成功: D:\海关接口\海关数据推送\output\downloads\hgfg\海关总署关于进口散装食用植物油贮存运输有关要求的公告.doc
2025-08-10 18:51     下载成功: D:\海关接口\海关数据推送\output\downloads\hgfg\海关总署关于进口散装食用植物油贮存运输有关要求的公告.pdf
2025-08-10 18:51     PDF文件已添加到ZIP包
2025-08-10 18:51     PNG截图已添加到ZIP包
2025-08-10 18:51     附件 1.食品法典可接受的曾运货物清单.docx 已添加到ZIP包
2025-08-10 18:51     附件 2.食品法典禁止的最近曾运货物清单.docx 已添加到ZIP包
2025-08-10 18:51     附件 海关总署关于进口散装食用植物油贮存运输有关要求的公告.doc 已添加到ZIP包
2025-08-10 18:51     附件 海关总署关于进口散装食用植物油贮存运输有关要求的公告.pdf 已添加到ZIP包
2025-08-10 18:51     ZIP包创建成功: D:\海关接口\海关数据推送\output\downloads\hgfg\2025-07-15_关于进口散装食用植物油贮存运输有关要求的公告.zip, 包含 6 个文件
2025-08-10 18:51     临时文件清理完成
2025-08-10 18:51     9.PDF保存成功
2025-08-10 18:51     找到 2 个附件
2025-08-10 18:51     下载成功: D:\海关接口\海关数据推送\output\downloads\hgfg\海关总署关于开展报关单证及电子数据自助查询打印试点的公告.doc
2025-08-10 18:51     下载成功: D:\海关接口\海关数据推送\output\downloads\hgfg\海关总署关于开展报关单证及电子数据自助查询打印试点的公告.pdf
2025-08-10 18:51     PDF文件已添加到ZIP包
2025-08-10 18:51     PNG截图已添加到ZIP包
2025-08-10 18:51     附件 海关总署关于开展报关单证及电子数据自助查询打印试点的公告.doc 已添加到ZIP包
2025-08-10 18:51     附件 海关总署关于开展报关单证及电子数据自助查询打印试点的公告.pdf 已添加到ZIP包
2025-08-10 18:51     ZIP包创建成功: D:\海关接口\海关数据推送\output\downloads\hgfg\2025-07-08_关于开展报关单证及电子数据自助查询打印试点的公告.zip, 包含 4 个文件
2025-08-10 18:51     临时文件清理完成
2025-08-10 18:51     10.PDF保存成功
2025-08-10 18:51     找到 2 个附件
2025-08-10 18:51     下载成功: D:\海关接口\海关数据推送\output\downloads\hgfg\海关总署关于进口埃塞俄比亚豆粕检验检疫要求的公告.doc
2025-08-10 18:51     下载成功: D:\海关接口\海关数据推送\output\downloads\hgfg\海关总署关于进口埃塞俄比亚豆粕检验检疫要求的公告.pdf
2025-08-10 18:51     PDF文件已添加到ZIP包
2025-08-10 18:51     PNG截图已添加到ZIP包
2025-08-10 18:51     附件 海关总署关于进口埃塞俄比亚豆粕检验检疫要求的公告.doc 已添加到ZIP包
2025-08-10 18:51     附件 海关总署关于进口埃塞俄比亚豆粕检验检疫要求的公告.pdf 已添加到ZIP包
2025-08-10 18:51     ZIP包创建成功: D:\海关接口\海关数据推送\output\downloads\hgfg\2025-07-03_关于进口埃塞俄比亚豆粕检验检疫要求的公告.zip, 包含 4 个文件
2025-08-10 18:51     临时文件清理完成
2025-08-10 18:51     11.PDF保存成功
2025-08-10 18:51     找到 2 个附件
2025-08-10 18:51     下载成功: D:\海关接口\海关数据推送\output\downloads\hgfg\海关总署 农业农村部关于防止罗马尼亚绵羊痘和山羊痘传入我国的公告.doc
2025-08-10 18:51     下载成功: D:\海关接口\海关数据推送\output\downloads\hgfg\海关总署 农业农村部关于防止罗马尼亚绵羊痘和山羊痘传入我国的公告.pdf
2025-08-10 18:51     PDF文件已添加到ZIP包
2025-08-10 18:51     PNG截图已添加到ZIP包
2025-08-10 18:51     附件 海关总署 农业农村部关于防止罗马尼亚绵羊痘和山羊痘传入我国的公告.doc 已添加到ZIP包
2025-08-10 18:51     附件 海关总署 农业农村部关于防止罗马尼亚绵羊痘和山羊痘传入我国的公告.pdf 已添加到ZIP包
2025-08-10 18:51     ZIP包创建成功: D:\海关接口\海关数据推送\output\downloads\hgfg\2025-07-02_关于防止罗马尼亚绵羊痘和山羊痘传入我国的公告.zip, 包含 4 个文件
2025-08-10 18:51     临时文件清理完成
2025-08-10 18:51     12.PDF保存成功
2025-08-10 18:51     找到 2 个附件
2025-08-10 18:51     下载成功: D:\海关接口\海关数据推送\output\downloads\hgfg\海关总署关于扩大公路跨境快速通关改革适用范围至福州海关辖区的公告.doc
2025-08-10 18:51     下载成功: D:\海关接口\海关数据推送\output\downloads\hgfg\海关总署关于扩大公路跨境快速通关改革适用范围至福州海关辖区的公告.pdf
2025-08-10 18:51     PDF文件已添加到ZIP包
2025-08-10 18:51     PNG截图已添加到ZIP包
2025-08-10 18:51     附件 海关总署关于扩大公路跨境快速通关改革适用范围至福州海关辖区的公告.doc 已添加到ZIP包
2025-08-10 18:51     附件 海关总署关于扩大公路跨境快速通关改革适用范围至福州海关辖区的公告.pdf 已添加到ZIP包
2025-08-10 18:51     ZIP包创建成功: D:\海关接口\海关数据推送\output\downloads\hgfg\2025-07-01_关于扩大公路跨境快速通关改革适用范围至福州海关辖区的公告.zip, 包含 4 个文件
2025-08-10 18:51     临时文件清理完成
2025-08-10 18:51     13.PDF保存成功
2025-08-10 18:51     找到 4 个附件
2025-08-10 18:51     下载成功: D:\海关接口\海关数据推送\output\downloads\hgfg\1.废止的规范性文件目录.xlsx
2025-08-10 18:51     下载成功: D:\海关接口\海关数据推送\output\downloads\hgfg\2.宣布失效的规范性文件目录.xlsx
2025-08-10 18:51     下载成功: D:\海关接口\海关数据推送\output\downloads\hgfg\海关总署关于废止和宣布失效部分规范性文件（三）的公告.doc
2025-08-10 18:51     下载成功: D:\海关接口\海关数据推送\output\downloads\hgfg\海关总署关于废止和宣布失效部分规范性文件（三）的公告.pdf
2025-08-10 18:51     PDF文件已添加到ZIP包
2025-08-10 18:51     PNG截图已添加到ZIP包
2025-08-10 18:51     附件 1.废止的规范性文件目录.xlsx 已添加到ZIP包
2025-08-10 18:51     附件 2.宣布失效的规范性文件目录.xlsx 已添加到ZIP包
2025-08-10 18:51     附件 海关总署关于废止和宣布失效部分规范性文件（三）的公告.doc 已添加到ZIP包
2025-08-10 18:51     附件 海关总署关于废止和宣布失效部分规范性文件（三）的公告.pdf 已添加到ZIP包
2025-08-10 18:51     ZIP包创建成功: D:\海关接口\海关数据推送\output\downloads\hgfg\2025-07-01_关于废止和宣布失效部分规范性文件（三）的公告.zip, 包含 6 个文件
2025-08-10 18:51     临时文件清理完成
2025-08-10 18:51     14.PDF保存成功
2025-08-10 18:51     找到 4 个附件
2025-08-10 18:51     下载成功: D:\海关接口\海关数据推送\output\downloads\hgfg\1.海关稽查、涉企贸易调查法律文书.doc
2025-08-10 18:51     下载成功: D:\海关接口\海关数据推送\output\downloads\hgfg\2.海关核查法律文书.doc
2025-08-10 18:51     下载成功: D:\海关接口\海关数据推送\output\downloads\hgfg\海关总署关于公布海关稽查、涉企贸易调查、核查相关法律文书的公告.doc
2025-08-10 18:51     下载成功: D:\海关接口\海关数据推送\output\downloads\hgfg\海关总署关于公布海关稽查、涉企贸易调查、核查相关法律文书的公告.pdf
2025-08-10 18:51     PDF文件已添加到ZIP包
2025-08-10 18:51     PNG截图已添加到ZIP包
2025-08-10 18:51     附件 1.海关稽查、涉企贸易调查法律文书.doc 已添加到ZIP包
2025-08-10 18:51     附件 2.海关核查法律文书.doc 已添加到ZIP包
2025-08-10 18:51     附件 海关总署关于公布海关稽查、涉企贸易调查、核查相关法律文书的公告.doc 已添加到ZIP包
2025-08-10 18:51     附件 海关总署关于公布海关稽查、涉企贸易调查、核查相关法律文书的公告.pdf 已添加到ZIP包
2025-08-10 18:51     ZIP包创建成功: D:\海关接口\海关数据推送\output\downloads\hgfg\2025-06-30_关于公布海关稽查、涉企贸易调查、核查相关法律文书的公告.zip, 包含 6 个文件
2025-08-10 18:51     临时文件清理完成
2025-08-10 18:51     15.PDF保存成功
2025-08-10 18:51     找到 2 个附件
2025-08-10 18:51     下载成功: D:\海关接口\海关数据推送\output\downloads\hgfg\海关总署关于有条件恢复日本部分地区水产品进口的公告.doc
2025-08-10 18:51     下载成功: D:\海关接口\海关数据推送\output\downloads\hgfg\海关总署关于有条件恢复日本部分地区水产品进口的公告.pdf
2025-08-10 18:51     PDF文件已添加到ZIP包
2025-08-10 18:51     PNG截图已添加到ZIP包
2025-08-10 18:51     附件 海关总署关于有条件恢复日本部分地区水产品进口的公告.doc 已添加到ZIP包
2025-08-10 18:51     附件 海关总署关于有条件恢复日本部分地区水产品进口的公告.pdf 已添加到ZIP包
2025-08-10 18:51     ZIP包创建成功: D:\海关接口\海关数据推送\output\downloads\hgfg\2025-06-29_关于有条件恢复日本部分地区水产品进口的公告.zip, 包含 4 个文件
2025-08-10 18:51     临时文件清理完成
2025-08-10 18:51     
共保存 30 条记录,新增 30 条记录
2025-08-10 18:52     
正在抓取第 1 页
2025-08-10 18:52     1.PDF保存成功
2025-08-10 18:52     PDF文件已添加到ZIP包
2025-08-10 18:52     PNG截图已添加到ZIP包
2025-08-10 18:52     ZIP包创建成功: D:\海关接口\海关数据推送\output\downloads\zcjd\2025-08-08_政策解读  海关总署关于进口澳大利亚鲜食苹果植物检疫要求.zip, 包含 2 个文件
2025-08-10 18:52     临时文件清理完成
2025-08-10 18:52     2.PDF保存成功
2025-08-10 18:52     PDF文件已添加到ZIP包
2025-08-10 18:52     PNG截图已添加到ZIP包
2025-08-10 18:52     ZIP包创建成功: D:\海关接口\海关数据推送\output\downloads\zcjd\2025-08-05_政策解读  海关总署关于中国鲜枣出口澳大利亚植物检疫要求的公告.zip, 包含 2 个文件
2025-08-10 18:52     临时文件清理完成
2025-08-10 18:52     3.PDF保存成功
2025-08-10 18:52     PDF文件已添加到ZIP包
2025-08-10 18:52     PNG截图已添加到ZIP包
2025-08-10 18:52     ZIP包创建成功: D:\海关接口\海关数据推送\output\downloads\zcjd\2025-08-01_政策解读  海关总署关于进口新西兰鹿茸鹿角检疫和卫生要求的公告.zip, 包含 2 个文件
2025-08-10 18:52     临时文件清理完成
2025-08-10 18:52     4.PDF保存成功
2025-08-10 18:52     PDF文件已添加到ZIP包
2025-08-10 18:52     PNG截图已添加到ZIP包
2025-08-10 18:52     ZIP包创建成功: D:\海关接口\海关数据推送\output\downloads\zcjd\2025-08-01_《海关总署关于实施中国—贝宁海关“经认证的经营者”（AEO）互认的公告》的解读.zip, 包含 2 个文件
2025-08-10 18:52     临时文件清理完成
2025-08-10 18:52     5.PDF保存成功
2025-08-10 18:52     PDF文件已添加到ZIP包
2025-08-10 18:52     PNG截图已添加到ZIP包
2025-08-10 18:52     ZIP包创建成功: D:\海关接口\海关数据推送\output\downloads\zcjd\2025-08-01_政策解读  海关总署关于进口刚果共和国花生植物检疫要求的公告.zip, 包含 2 个文件
2025-08-10 18:52     临时文件清理完成
2025-08-10 18:52     6.PDF保存成功
2025-08-10 18:52     PDF文件已添加到ZIP包
2025-08-10 18:52     PNG截图已添加到ZIP包
2025-08-10 18:52     ZIP包创建成功: D:\海关接口\海关数据推送\output\downloads\zcjd\2025-08-01_政策解读  海关总署关于进口厄瓜多尔芒果植物检疫要求的公告.zip, 包含 2 个文件
2025-08-10 18:52     临时文件清理完成
2025-08-10 18:52     7.PDF保存成功
2025-08-10 18:52     PDF文件已添加到ZIP包
2025-08-10 18:53     PNG截图已添加到ZIP包
2025-08-10 18:53     ZIP包创建成功: D:\海关接口\海关数据推送\output\downloads\zcjd\2025-08-01_政策解读  海关总署关于中国柚子出口新西兰植物检疫要求的公告.zip, 包含 2 个文件
2025-08-10 18:53     临时文件清理完成
2025-08-10 18:53     8.PDF保存成功
2025-08-10 18:53     PDF文件已添加到ZIP包
2025-08-10 18:53     PNG截图已添加到ZIP包
2025-08-10 18:53     ZIP包创建成功: D:\海关接口\海关数据推送\output\downloads\zcjd\2025-07-30_解读《关于规范锂离子电池用再生黑粉原料、再生钢铁原料进口管理有关事项的公告》.zip, 包含 2 个文件
2025-08-10 18:53     临时文件清理完成
2025-08-10 18:53     9.PDF保存成功
2025-08-10 18:53     PDF文件已添加到ZIP包
2025-08-10 18:53     PNG截图已添加到ZIP包
2025-08-10 18:53     ZIP包创建成功: D:\海关接口\海关数据推送\output\downloads\zcjd\2025-07-29_政策解读－报关单证及电子数据自助查询打印试点.zip, 包含 2 个文件
2025-08-10 18:53     临时文件清理完成
2025-08-10 18:53     10.PDF保存成功
2025-08-10 18:53     PDF文件已添加到ZIP包
2025-08-10 18:53     PNG截图已添加到ZIP包
2025-08-10 18:53     ZIP包创建成功: D:\海关接口\海关数据推送\output\downloads\zcjd\2025-07-25_《海关总署关于实施中国—泰国海关“经认证的经营者”（AEO）互认的公告》的解读.zip, 包含 2 个文件
2025-08-10 18:53     临时文件清理完成
2025-08-10 18:53     
正在抓取第 2 页
2025-08-10 18:53     1.PDF保存成功
2025-08-10 18:53     PDF文件已添加到ZIP包
2025-08-10 18:53     PNG截图已添加到ZIP包
2025-08-10 18:53     ZIP包创建成功: D:\海关接口\海关数据推送\output\downloads\zcjd\2025-07-23_解读  海关总署关于进口新西兰野生水产品检验检疫和卫生要求的公告.zip, 包含 2 个文件
2025-08-10 18:53     临时文件清理完成
2025-08-10 18:53     2.PDF保存成功
2025-08-10 18:53     PDF文件已添加到ZIP包
2025-08-10 18:53     PNG截图已添加到ZIP包
2025-08-10 18:53     ZIP包创建成功: D:\海关接口\海关数据推送\output\downloads\zcjd\2025-07-18_《2025年第八届中国国际进口博览会海关通关须知》及相关便利措施 政策解读.zip, 包含 2 个文件
2025-08-10 18:53     临时文件清理完成
2025-08-10 18:53     3.PDF保存成功
2025-08-10 18:53     PDF文件已添加到ZIP包
2025-08-10 18:53     PNG截图已添加到ZIP包
2025-08-10 18:53     ZIP包创建成功: D:\海关接口\海关数据推送\output\downloads\zcjd\2025-07-17_关于进口散装食用植物油贮存运输有关要求的公告政策解读.zip, 包含 2 个文件
2025-08-10 18:53     临时文件清理完成
2025-08-10 18:53     4.PDF保存成功
2025-08-10 18:53     PDF文件已添加到ZIP包
2025-08-10 18:53     PNG截图已添加到ZIP包
2025-08-10 18:53     ZIP包创建成功: D:\海关接口\海关数据推送\output\downloads\zcjd\2025-07-11_政策解读  关于进口埃塞俄比亚豆粕检验检疫要求的公告.zip, 包含 2 个文件
2025-08-10 18:53     临时文件清理完成
2025-08-10 18:53     5.PDF保存成功
2025-08-10 18:53     找到 1 个附件
2025-08-10 18:53     PDF文件已添加到ZIP包
2025-08-10 18:53     PNG截图已添加到ZIP包
2025-08-10 18:53     ZIP包创建成功: D:\海关接口\海关数据推送\output\downloads\zcjd\2025-06-30_香港输内地乳品检验检疫和卫生要求公告解读.zip, 包含 2 个文件
2025-08-10 18:53     临时文件清理完成
2025-08-10 18:54     6.PDF保存成功
2025-08-10 18:54     PDF文件已添加到ZIP包
2025-08-10 18:54     PNG截图已添加到ZIP包
2025-08-10 18:54     ZIP包创建成功: D:\海关接口\海关数据推送\output\downloads\zcjd\2025-06-30_政策解读  马拉维夏威夷果输华检验检疫和卫生要求.zip, 包含 2 个文件
2025-08-10 18:54     临时文件清理完成
2025-08-10 18:54     7.PDF保存成功
2025-08-10 18:54     PDF文件已添加到ZIP包
2025-08-10 18:54     PNG截图已添加到ZIP包
2025-08-10 18:54     ZIP包创建成功: D:\海关接口\海关数据推送\output\downloads\zcjd\2025-06-26_政策解读：冈比亚腰果输华检验检疫和卫生要求.zip, 包含 2 个文件
2025-08-10 18:54     临时文件清理完成
2025-08-10 18:54     8.PDF保存成功
2025-08-10 18:54     PDF文件已添加到ZIP包
2025-08-10 18:54     PNG截图已添加到ZIP包
2025-08-10 18:54     ZIP包创建成功: D:\海关接口\海关数据推送\output\downloads\zcjd\2025-06-25_政策解读：海关总署关于进口哈萨克斯坦甜菜粕检验检疫要求的公告.zip, 包含 2 个文件
2025-08-10 18:54     临时文件清理完成
2025-08-10 18:54     9.PDF保存成功
2025-08-10 18:54     PDF文件已添加到ZIP包
2025-08-10 18:54     PNG截图已添加到ZIP包
2025-08-10 18:54     ZIP包创建成功: D:\海关接口\海关数据推送\output\downloads\zcjd\2025-06-24_政策解读：海关总署关于启用进出境邮件“一站式”办理平台有关事宜的公告.zip, 包含 2 个文件
2025-08-10 18:54     临时文件清理完成
2025-08-10 18:54     10.PDF保存成功
2025-08-10 18:54     PDF文件已添加到ZIP包
2025-08-10 18:54     PNG截图已添加到ZIP包
2025-08-10 18:54     ZIP包创建成功: D:\海关接口\海关数据推送\output\downloads\zcjd\2025-06-24_海关总署关于《海关总署关于实施中国—厄瓜多尔海关“经认证的经营者”（AEO）互认的公告》的解读.zip, 包含 2 个文件
2025-08-10 18:54     临时文件清理完成
2025-08-10 18:54     
共保存 20 条记录,新增 20 条记录
2025-08-10 18:55     
正在抓取第 1 页
2025-08-10 18:55     1. 网页PDF保存成功
2025-08-10 18:55     找到 1 个附件
2025-08-10 18:55     下载成功: D:\海关接口\海关数据推送\output\downloads\czb\附件：进口征税商品清单.pdf
2025-08-10 18:55     PDF文件已添加到ZIP包
2025-08-10 18:55     PNG截图已添加到ZIP包
2025-08-10 18:55     附件 附件：进口征税商品清单.pdf 已添加到ZIP包
2025-08-10 18:55     ZIP包创建成功: D:\海关接口\海关数据推送\output\downloads\czb\2025-07-23_关于海南自由贸易港进口征税商品目录的通知.zip, 包含 3 个文件
2025-08-10 18:55     临时文件清理完成
2025-08-10 18:55     2. 网页PDF保存成功
2025-08-10 18:55     PDF文件已添加到ZIP包
2025-08-10 18:55     PNG截图已添加到ZIP包
2025-08-10 18:55     ZIP包创建成功: D:\海关接口\海关数据推送\output\downloads\czb\2025-07-23_关于海南自由贸易港货物进出“一线”、“二线”及在岛内流通税收政策的通知.zip, 包含 2 个文件
2025-08-10 18:55     临时文件清理完成
2025-08-10 18:55     3. 网页PDF保存成功
2025-08-10 18:55     PDF文件已添加到ZIP包
2025-08-10 18:55     PNG截图已添加到ZIP包
2025-08-10 18:55     ZIP包创建成功: D:\海关接口\海关数据推送\output\downloads\czb\2025-05-13_国务院关税税则委员会关于调整对原产于美国的进口商品加征关税措施的公告.zip, 包含 2 个文件
2025-08-10 18:55     临时文件清理完成
2025-08-10 18:55     4. 网页PDF保存成功
2025-08-10 18:55     PDF文件已添加到ZIP包
2025-08-10 18:55     PNG截图已添加到ZIP包
2025-08-10 18:55     ZIP包创建成功: D:\海关接口\海关数据推送\output\downloads\czb\2025-04-11_国务院关税税则委员会关于调整对原产于美国的进口商品加征关税措施的公告.zip, 包含 2 个文件
2025-08-10 18:55     临时文件清理完成
2025-08-10 18:55     5. 网页PDF保存成功
2025-08-10 18:55     PDF文件已添加到ZIP包
2025-08-10 18:55     PNG截图已添加到ZIP包
2025-08-10 18:55     ZIP包创建成功: D:\海关接口\海关数据推送\output\downloads\czb\2025-04-09_国务院关税税则委员会关于调整对原产于美国的进口商品加征关税措施的公告.zip, 包含 2 个文件
2025-08-10 18:55     临时文件清理完成
2025-08-10 18:55     6. 网页PDF保存成功
2025-08-10 18:55     PDF文件已添加到ZIP包
2025-08-10 18:55     PNG截图已添加到ZIP包
2025-08-10 18:55     ZIP包创建成功: D:\海关接口\海关数据推送\output\downloads\czb\2025-04-04_国务院关税税则委员会关于对原产于美国的进口商品加征关税的公告.zip, 包含 2 个文件
2025-08-10 18:55     临时文件清理完成
2025-08-10 18:55     7. 网页PDF保存成功
2025-08-10 18:55     找到 2 个附件
2025-08-10 18:55     下载成功: D:\海关接口\海关数据推送\output\downloads\czb\附件1 加征100%关税商品清单.pdf
2025-08-10 18:55     下载成功: D:\海关接口\海关数据推送\output\downloads\czb\附件2 加征25%关税商品清单.pdf
2025-08-10 18:55     PDF文件已添加到ZIP包
2025-08-10 18:55     PNG截图已添加到ZIP包
2025-08-10 18:55     附件 附件1 加征100%关税商品清单.pdf 已添加到ZIP包
2025-08-10 18:55     附件 附件2 加征25%关税商品清单.pdf 已添加到ZIP包
2025-08-10 18:55     ZIP包创建成功: D:\海关接口\海关数据推送\output\downloads\czb\2025-03-08_国务院关税税则委员会关于对原产于加拿大的部分进口商品加征关税的公告.zip, 包含 4 个文件
2025-08-10 18:55     临时文件清理完成
2025-08-10 18:55     8. 网页PDF保存成功
2025-08-10 18:55     找到 2 个附件
2025-08-10 18:55     下载成功: D:\海关接口\海关数据推送\output\downloads\czb\附件1 加征15%关税商品清单.pdf
2025-08-10 18:55     下载成功: D:\海关接口\海关数据推送\output\downloads\czb\附件2 加征10%关税商品清单.pdf
2025-08-10 18:55     PDF文件已添加到ZIP包
2025-08-10 18:55     PNG截图已添加到ZIP包
2025-08-10 18:55     附件 附件1 加征15%关税商品清单.pdf 已添加到ZIP包
2025-08-10 18:55     附件 附件2 加征10%关税商品清单.pdf 已添加到ZIP包
2025-08-10 18:55     ZIP包创建成功: D:\海关接口\海关数据推送\output\downloads\czb\2025-03-04_国务院关税税则委员会关于对原产于美国的部分进口商品加征关税的公告.zip, 包含 4 个文件
2025-08-10 18:55     临时文件清理完成
2025-08-10 18:55     9. 网页PDF保存成功
2025-08-10 18:55     找到 2 个附件
2025-08-10 18:55     下载成功: D:\海关接口\海关数据推送\output\downloads\czb\附件1 加征15%关税商品清单.pdf
2025-08-10 18:55     下载成功: D:\海关接口\海关数据推送\output\downloads\czb\附件2 加征10%关税商品清单.pdf
2025-08-10 18:55     PDF文件已添加到ZIP包
2025-08-10 18:55     PNG截图已添加到ZIP包
2025-08-10 18:55     附件 附件1 加征15%关税商品清单.pdf 已添加到ZIP包
2025-08-10 18:55     附件 附件2 加征10%关税商品清单.pdf 已添加到ZIP包
2025-08-10 18:55     ZIP包创建成功: D:\海关接口\海关数据推送\output\downloads\czb\2025-02-04_国务院关税税则委员会关于对原产于美国的部分进口商品加征关税的公告.zip, 包含 4 个文件
2025-08-10 18:55     临时文件清理完成
2025-08-10 18:55     10. 网页PDF保存成功
2025-08-10 18:55     找到 1 个附件
2025-08-10 18:55     下载成功: D:\海关接口\海关数据推送\output\downloads\czb\附件.海南自由贸易港“零关税”原辅料增补清单.pdf
2025-08-10 18:55     PDF文件已添加到ZIP包
2025-08-10 18:55     PNG截图已添加到ZIP包
2025-08-10 18:55     附件 附件.海南自由贸易港“零关税”原辅料增补清单.pdf 已添加到ZIP包
2025-08-10 18:55     ZIP包创建成功: D:\海关接口\海关数据推送\output\downloads\czb\2025-01-26_关于调整海南自由贸易港原辅料“零关税”政策的通知.zip, 包含 3 个文件
2025-08-10 18:55     临时文件清理完成
2025-08-10 18:56     
正在抓取第 2 页
2025-08-10 18:56     1. 网页PDF保存成功
2025-08-10 18:56     找到 1 个附件
2025-08-10 18:56     下载成功: D:\海关接口\海关数据推送\output\downloads\czb\中华人民共和国进出口税则（2025）.pdf
2025-08-10 18:56     PDF文件已添加到ZIP包
2025-08-10 18:56     PNG截图已添加到ZIP包
2025-08-10 18:56     附件 中华人民共和国进出口税则（2025）.pdf 已添加到ZIP包
2025-08-10 18:56     ZIP包创建成功: D:\海关接口\海关数据推送\output\downloads\czb\2024-12-31_国务院关税税则委员会关于发布《中华人民共和国进出口税则（2025）》的公告.zip, 包含 3 个文件
2025-08-10 18:56     临时文件清理完成
2025-08-10 18:56     2. 网页PDF保存成功
2025-08-10 18:56     找到 8 个附件
2025-08-10 18:56     下载成功: D:\海关接口\海关数据推送\output\downloads\czb\附件：2025年关税调整方案.pdf
2025-08-10 18:56     下载成功: D:\海关接口\海关数据推送\output\downloads\czb\附1 最惠国税率调整表.pdf
2025-08-10 18:56     下载成功: D:\海关接口\海关数据推送\output\downloads\czb\附2 进口商品暂定税率表.pdf
2025-08-10 18:56     下载成功: D:\海关接口\海关数据推送\output\downloads\czb\附3 出口商品税率表.pdf
2025-08-10 18:56     下载成功: D:\海关接口\海关数据推送\output\downloads\czb\附4 关税配额商品税目税率表.pdf
2025-08-10 18:56     下载成功: D:\海关接口\海关数据推送\output\downloads\czb\附5 进出口税则税目调整表.pdf
2025-08-10 18:56     下载成功: D:\海关接口\海关数据推送\output\downloads\czb\附6 本国子目注释表.pdf
2025-08-10 18:56     下载成功: D:\海关接口\海关数据推送\output\downloads\czb\附7 自由贸易协定和优惠贸易安排实施税率表.pdf
2025-08-10 18:56     PDF文件已添加到ZIP包
2025-08-10 18:56     PNG截图已添加到ZIP包
2025-08-10 18:56     附件 附件：2025年关税调整方案.pdf 已添加到ZIP包
2025-08-10 18:56     附件 附1 最惠国税率调整表.pdf 已添加到ZIP包
2025-08-10 18:56     附件 附2 进口商品暂定税率表.pdf 已添加到ZIP包
2025-08-10 18:56     附件 附3 出口商品税率表.pdf 已添加到ZIP包
2025-08-10 18:56     附件 附4 关税配额商品税目税率表.pdf 已添加到ZIP包
2025-08-10 18:56     附件 附5 进出口税则税目调整表.pdf 已添加到ZIP包
2025-08-10 18:56     附件 附6 本国子目注释表.pdf 已添加到ZIP包
2025-08-10 18:56     附件 附7 自由贸易协定和优惠贸易安排实施税率表.pdf 已添加到ZIP包
2025-08-10 18:56     ZIP包创建成功: D:\海关接口\海关数据推送\output\downloads\czb\2024-12-28_国务院关税税则委员会关于2025年关税调整方案的公告.zip, 包含 10 个文件
2025-08-10 18:56     临时文件清理完成
2025-08-10 18:56     3. 网页PDF保存成功
2025-08-10 18:56     PDF文件已添加到ZIP包
2025-08-10 18:56     PNG截图已添加到ZIP包
2025-08-10 18:56     ZIP包创建成功: D:\海关接口\海关数据推送\output\downloads\czb\2024-12-05_关于利比里亚共和国籍的应税船舶适用船舶吨税优惠税率的通知.zip, 包含 2 个文件
2025-08-10 18:56     临时文件清理完成
2025-08-10 18:56     4. 网页PDF保存成功
2025-08-10 18:56     PDF文件已添加到ZIP包
2025-08-10 18:56     PNG截图已添加到ZIP包
2025-08-10 18:56     ZIP包创建成功: D:\海关接口\海关数据推送\output\downloads\czb\2024-11-29_关于继续执行关税专项优惠政策的公告.zip, 包含 2 个文件
2025-08-10 18:56     临时文件清理完成
2025-08-10 18:56     5. 网页PDF保存成功
2025-08-10 18:56     PDF文件已添加到ZIP包
2025-08-10 18:56     PNG截图已添加到ZIP包
2025-08-10 18:56     ZIP包创建成功: D:\海关接口\海关数据推送\output\downloads\czb\2024-11-29_关于一票货物免征关税额度的公告.zip, 包含 2 个文件
2025-08-10 18:56     临时文件清理完成
2025-08-10 18:56     6. 网页PDF保存成功
2025-08-10 18:57     找到 1 个附件
2025-08-10 18:57     下载成功: D:\海关接口\海关数据推送\output\downloads\czb\附件：进境物品关税、增值税、消费税征收办法.pdf
2025-08-10 18:57     PDF文件已添加到ZIP包
2025-08-10 18:57     PNG截图已添加到ZIP包
2025-08-10 18:57     附件 附件：进境物品关税、增值税、消费税征收办法.pdf 已添加到ZIP包
2025-08-10 18:57     ZIP包创建成功: D:\海关接口\海关数据推送\output\downloads\czb\2024-11-29_国务院关税税则委员会关于公布《进境物品关税、增值税、消费税征收办法》的公告.zip, 包含 3 个文件
2025-08-10 18:57     临时文件清理完成
2025-08-10 18:57     7. 网页PDF保存成功
2025-08-10 18:57     找到 1 个附件
2025-08-10 18:57     下载成功: D:\海关接口\海关数据推送\output\downloads\czb\附件 对美加征关税商品第十六次排除延期清单.pdf
2025-08-10 18:57     PDF文件已添加到ZIP包
2025-08-10 18:57     PNG截图已添加到ZIP包
2025-08-10 18:57     附件 附件 对美加征关税商品第十六次排除延期清单.pdf 已添加到ZIP包
2025-08-10 18:57     ZIP包创建成功: D:\海关接口\海关数据推送\output\downloads\czb\2024-11-29_国务院关税税则委员会关于对美加征关税商品第十六次排除延期清单的公告.zip, 包含 3 个文件
2025-08-10 18:57     临时文件清理完成
2025-08-10 18:57     8. 网页PDF保存成功
2025-08-10 18:57     PDF文件已添加到ZIP包
2025-08-10 18:57     PNG截图已添加到ZIP包
2025-08-10 18:57     ZIP包创建成功: D:\海关接口\海关数据推送\output\downloads\czb\2024-11-25_关于安提瓜和巴布达籍的应税船舶适用船舶吨税优惠税率的通知.zip, 包含 2 个文件
2025-08-10 18:57     临时文件清理完成
2025-08-10 18:57     9. 网页PDF保存成功
2025-08-10 18:57     PDF文件已添加到ZIP包
2025-08-10 18:57     PNG截图已添加到ZIP包
2025-08-10 18:57     ZIP包创建成功: D:\海关接口\海关数据推送\output\downloads\czb\2024-09-18_国务院关税税则委员会关于停止执行对部分原产于台湾地区的农产品免征关税政策的公告.zip, 包含 2 个文件
2025-08-10 18:57     临时文件清理完成
2025-08-10 18:57     10. 网页PDF保存成功
2025-08-10 18:57     PDF文件已添加到ZIP包
2025-08-10 18:57     PNG截图已添加到ZIP包
2025-08-10 18:57     ZIP包创建成功: D:\海关接口\海关数据推送\output\downloads\czb\2024-09-12_国务院关税税则委员会关于给予最不发达国家100%税目产品零关税待遇的公告.zip, 包含 2 个文件
2025-08-10 18:57     临时文件清理完成
2025-08-10 18:57     
共保存 20 条记录,新增 20 条记录
2025-08-10 18:57     
正在抓取第 1 页
2025-08-10 18:57     1.PDF保存成功
2025-08-10 18:57     PDF文件已添加到ZIP包
2025-08-10 18:57     ZIP包创建成功: D:\海关接口\海关数据推送\output\downloads\sww\2025-08-06_公布延长对进口牛肉保障措施调查期限决定.zip, 包含 1 个文件
2025-08-10 18:57     临时文件清理完成
2025-08-10 18:57     2.PDF保存成功
2025-08-10 18:57     PDF文件已添加到ZIP包
2025-08-10 18:57     ZIP包创建成功: D:\海关接口\海关数据推送\output\downloads\sww\2025-08-06_成品油流通管理办法.zip, 包含 1 个文件
2025-08-10 18:57     临时文件清理完成
2025-08-10 18:57     3.PDF保存成功
2025-08-10 18:57     找到 1 个附件
2025-08-10 18:57     下载成功: D:\海关接口\海关数据推送\output\downloads\sww\境外投资者再投资税收抵免信息报告表.xls
2025-08-10 18:57     PDF文件已添加到ZIP包
2025-08-10 18:57     附件 境外投资者再投资税收抵免信息报告表.xls 已添加到ZIP包
2025-08-10 18:57     ZIP包创建成功: D:\海关接口\海关数据推送\output\downloads\sww\2025-08-06_国家税务总局关于境外投资者以分配利润直接投资税收抵免政策有关事项的公告.zip, 包含 2 个文件
2025-08-10 18:57     临时文件清理完成
2025-08-10 18:57     4.PDF保存成功
2025-08-10 18:57     PDF文件已添加到ZIP包
2025-08-10 18:57     ZIP包创建成功: D:\海关接口\海关数据推送\output\downloads\sww\2025-08-06_商务部关于印发《2025年蔺草及蔺草制品出口配额第二次招标中标企业名单及其额度表》的通知.zip, 包含 1 个文件
2025-08-10 18:57     临时文件清理完成
2025-08-10 18:58     5.PDF保存成功
2025-08-10 18:58     找到 2 个附件
2025-08-10 18:58     下载成功: D:\海关接口\海关数据推送\output\downloads\sww\附件：国家服务业扩大开放综合试点示范经验复制推广事项表.pdf
2025-08-10 18:58     下载成功: D:\海关接口\海关数据推送\output\downloads\sww\.pdf
2025-08-10 18:58     PDF文件已添加到ZIP包
2025-08-10 18:58     附件 附件：国家服务业扩大开放综合试点示范经验复制推广事项表.pdf 已添加到ZIP包
2025-08-10 18:58     附件 .pdf 已添加到ZIP包
2025-08-10 18:58     ZIP包创建成功: D:\海关接口\海关数据推送\output\downloads\sww\2025-08-06_商务部等10部门关于复制推广新一批服务业扩大开放综合试点示范经验的通知.zip, 包含 3 个文件
2025-08-10 18:58     临时文件清理完成
2025-08-10 18:58     6.PDF保存成功
2025-08-10 18:58     找到 1 个附件
2025-08-10 18:58     下载成功: D:\海关接口\海关数据推送\output\downloads\sww\海南自由贸易港禁止、限制进出口货物、物品清单.pdf
2025-08-10 18:58     PDF文件已添加到ZIP包
2025-08-10 18:58     附件 海南自由贸易港禁止、限制进出口货物、物品清单.pdf 已添加到ZIP包
2025-08-10 18:58     ZIP包创建成功: D:\海关接口\海关数据推送\output\downloads\sww\2025-08-06_商务部公告2025年第43号 公布海南自由贸易港禁止、限制进出口货物、物品清单.zip, 包含 2 个文件
2025-08-10 18:58     临时文件清理完成
2025-08-10 18:58     7.PDF保存成功
2025-08-10 18:58     PDF文件已添加到ZIP包
2025-08-10 18:58     ZIP包创建成功: D:\海关接口\海关数据推送\output\downloads\sww\2025-08-06_关于实施鼓励外商投资企业境内再投资若干措施的通知.zip, 包含 1 个文件
2025-08-10 18:58     临时文件清理完成
2025-08-10 18:58     8.PDF保存成功
2025-08-10 18:58     找到 1 个附件
2025-08-10 18:58     下载成功: D:\海关接口\海关数据推送\output\downloads\sww\2025年新增成品油（燃料油）非国营贸易进口企业名单.pdf
2025-08-10 18:58     PDF文件已添加到ZIP包
2025-08-10 18:58     附件 2025年新增成品油（燃料油）非国营贸易进口企业名单.pdf 已添加到ZIP包
2025-08-10 18:58     ZIP包创建成功: D:\海关接口\海关数据推送\output\downloads\sww\2025-08-06_关于2025年燃料油非国营贸易进口申请企业有关情况的公示.zip, 包含 2 个文件
2025-08-10 18:58     临时文件清理完成
2025-08-10 18:58     
共保存 8 条记录,新增 8 条记录
2025-08-10 18:58     
正在抓取第 1 页
2025-08-10 18:58     长度,4
2025-08-10 18:58     1.PDF保存成功
2025-08-10 18:58     PDF文件已添加到ZIP包
2025-08-10 18:58     PNG截图已添加到ZIP包
2025-08-10 18:58     ZIP包创建成功: D:\海关接口\海关数据推送\output\downloads\gxb\2025-08-08_工业和信息化部办公厅关于印发部行政执法事项清单（2025年版）的通知.zip, 包含 2 个文件
2025-08-10 18:58     临时文件清理完成
2025-08-10 18:58     2.PDF保存成功
2025-08-10 18:58     PDF文件已添加到ZIP包
2025-08-10 18:58     PNG截图已添加到ZIP包
2025-08-10 18:58     ZIP包创建成功: D:\海关接口\海关数据推送\output\downloads\gxb\2025-08-08_五部门关于推进化工园区规范建设和高质量发展有关工作的通知.zip, 包含 2 个文件
2025-08-10 18:58     临时文件清理完成
2025-08-10 18:58     3.PDF保存成功
2025-08-10 18:58     找到 3 个附件
2025-08-10 18:58     下载成功: D:\海关接口\海关数据推送\output\downloads\gxb\1.道路机动车辆生产企业及产品（第397批）.doc
2025-08-10 18:58     下载成功: D:\海关接口\海关数据推送\output\downloads\gxb\2.享受车船税减免优惠的节约能源 使用新能源汽车车型目录（第七十六批）.doc
2025-08-10 18:58     下载成功: D:\海关接口\海关数据推送\output\downloads\gxb\3.减免车辆购置税的新能源汽车车型目录（第二十批）.doc
2025-08-10 18:58     PDF文件已添加到ZIP包
2025-08-10 18:58     PNG截图已添加到ZIP包
2025-08-10 18:58     附件 1.道路机动车辆生产企业及产品（第397批）.doc 已添加到ZIP包
2025-08-10 18:58     附件 2.享受车船税减免优惠的节约能源 使用新能源汽车车型目录（第七十六批）.doc 已添加到ZIP包
2025-08-10 18:58     附件 3.减免车辆购置税的新能源汽车车型目录（第二十批）.doc 已添加到ZIP包
2025-08-10 18:58     ZIP包创建成功: D:\海关接口\海关数据推送\output\downloads\gxb\2025-08-07_《道路机动车辆生产企业及产品》（第397批）、《享受车船税减免优惠的节约能源 使用新能源汽车车型目录》（第七十六批）、《减免车辆购置税的新能源汽车车型目录》（第二十批）.zip, 包含 5 个文件
2025-08-10 18:58     临时文件清理完成
2025-08-10 18:59     4.PDF保存成功
2025-08-10 18:59     PDF文件已添加到ZIP包
2025-08-10 18:59     PNG截图已添加到ZIP包
2025-08-10 18:59     ZIP包创建成功: D:\海关接口\海关数据推送\output\downloads\gxb\2025-08-01_工业和信息化部等八部门关于印发《机械工业数字化转型实施方案》的通知.zip, 包含 2 个文件
2025-08-10 18:59     临时文件清理完成
2025-08-10 18:59     
共保存 4 条记录,新增 4 条记录
2025-08-10 18:59     
正在抓取第 1 页
2025-08-10 18:59     长度,20
2025-08-10 18:59     1.PDF保存成功
2025-08-10 18:59     PDF文件已添加到ZIP包
2025-08-10 18:59     PNG截图已添加到ZIP包
2025-08-10 18:59     ZIP包创建成功: D:\海关接口\海关数据推送\output\downloads\yjj\2025-08-08_2025年8月8日中药品种保护受理公示.zip, 包含 2 个文件
2025-08-10 18:59     临时文件清理完成
2025-08-10 18:59     2.PDF保存成功
2025-08-10 18:59     找到 2 个附件
2025-08-10 18:59     下载成功: D:\海关接口\海关数据推送\output\downloads\yjj\国家药品监督管理局2025年第74号公告附件1.doc
2025-08-10 18:59     下载成功: D:\海关接口\海关数据推送\output\downloads\yjj\国家药品监督管理局2025年第74号公告附件2.doc
2025-08-10 18:59     PDF文件已添加到ZIP包
2025-08-10 18:59     PNG截图已添加到ZIP包
2025-08-10 18:59     附件 国家药品监督管理局2025年第74号公告附件1.doc 已添加到ZIP包
2025-08-10 18:59     附件 国家药品监督管理局2025年第74号公告附件2.doc 已添加到ZIP包
2025-08-10 18:59     ZIP包创建成功: D:\海关接口\海关数据推送\output\downloads\yjj\2025-08-07_国家药监局关于养心定悸胶囊转换为非处方药的公告（2025年第74号）.zip, 包含 4 个文件
2025-08-10 18:59     临时文件清理完成
2025-08-10 18:59     3.PDF保存成功
2025-08-10 18:59     PDF文件已添加到ZIP包
2025-08-10 18:59     PNG截图已添加到ZIP包
2025-08-10 18:59     ZIP包创建成功: D:\海关接口\海关数据推送\output\downloads\yjj\2025-08-06_2025年8月6日中药品种保护受理公示.zip, 包含 2 个文件
2025-08-10 18:59     临时文件清理完成
2025-08-10 18:59     4.PDF保存成功
2025-08-10 18:59     PDF文件已添加到ZIP包
2025-08-10 18:59     PNG截图已添加到ZIP包
2025-08-10 18:59     ZIP包创建成功: D:\海关接口\海关数据推送\output\downloads\yjj\2025-08-04_国家药监局关于注销冠状动脉球囊扩张导管等 20个医疗器械注册证书的公告（2025年第76号）.zip, 包含 2 个文件
2025-08-10 18:59     临时文件清理完成
2025-08-10 18:59     5.PDF保存成功
2025-08-10 18:59     找到 2 个附件
2025-08-10 18:59     下载成功: D:\海关接口\海关数据推送\output\downloads\yjj\国家药品监督管理局2025年第75号公告附件1.docx
2025-08-10 18:59     下载成功: D:\海关接口\海关数据推送\output\downloads\yjj\国家药品监督管理局2025年第75号公告附件2.docx
2025-08-10 18:59     PDF文件已添加到ZIP包
2025-08-10 18:59     PNG截图已添加到ZIP包
2025-08-10 18:59     附件 国家药品监督管理局2025年第75号公告附件1.docx 已添加到ZIP包
2025-08-10 18:59     附件 国家药品监督管理局2025年第75号公告附件2.docx 已添加到ZIP包
2025-08-10 18:59     ZIP包创建成功: D:\海关接口\海关数据推送\output\downloads\yjj\2025-08-01_国家药监局关于发布《医疗器械生产许可与备案管理基本数据集》等2个信息化标准的公告（2025年第75号）.zip, 包含 4 个文件
2025-08-10 18:59     临时文件清理完成
2025-08-10 19:00     6.PDF保存成功
2025-08-10 19:00     找到 2 个附件
2025-08-10 19:00     下载成功: D:\海关接口\海关数据推送\output\downloads\yjj\国家药品监督管理局2025年第55号公告附件1 .doc
2025-08-10 19:00     下载成功: D:\海关接口\海关数据推送\output\downloads\yjj\国家药品监督管理局2025年第55号公告附件2.doc
2025-08-10 19:00     PDF文件已添加到ZIP包
2025-08-10 19:00     PNG截图已添加到ZIP包
2025-08-10 19:00     附件 国家药品监督管理局2025年第55号公告附件1 .doc 已添加到ZIP包
2025-08-10 19:00     附件 国家药品监督管理局2025年第55号公告附件2.doc 已添加到ZIP包
2025-08-10 19:00     ZIP包创建成功: D:\海关接口\海关数据推送\output\downloads\yjj\2025-07-28_国家药监局 公安部 国家卫生健康委关于发布药用类麻醉药品和精神药品目录的公告（2025年第55号）.zip, 包含 4 个文件
2025-08-10 19:00     临时文件清理完成
2025-08-10 19:00     7.PDF保存成功
2025-08-10 19:00     找到 2 个附件
2025-08-10 19:00     下载成功: D:\海关接口\海关数据推送\output\downloads\yjj\国家药品监督管理局2025年第73号公告附件1.docx
2025-08-10 19:00     下载成功: D:\海关接口\海关数据推送\output\downloads\yjj\国家药品监督管理局2025年第73号公告附件2.docx
2025-08-10 19:00     PDF文件已添加到ZIP包
2025-08-10 19:00     PNG截图已添加到ZIP包
2025-08-10 19:00     附件 国家药品监督管理局2025年第73号公告附件1.docx 已添加到ZIP包
2025-08-10 19:00     附件 国家药品监督管理局2025年第73号公告附件2.docx 已添加到ZIP包
2025-08-10 19:00     ZIP包创建成功: D:\海关接口\海关数据推送\output\downloads\yjj\2025-07-25_国家药监局关于盐酸氨溴索滴剂处方药转换为非处方药的公告（2025年第73号）.zip, 包含 4 个文件
2025-08-10 19:00     临时文件清理完成
2025-08-10 19:00     8.PDF保存成功
2025-08-10 19:00     找到 2 个附件
2025-08-10 19:00     下载成功: D:\海关接口\海关数据推送\output\downloads\yjj\国家药品监督管理局2025年第71号公告附件1.doc
2025-08-10 19:00     下载成功: D:\海关接口\海关数据推送\output\downloads\yjj\国家药品监督管理局2025年第71号公告附件2.doc
2025-08-10 19:00     PDF文件已添加到ZIP包
2025-08-10 19:00     PNG截图已添加到ZIP包
2025-08-10 19:00     附件 国家药品监督管理局2025年第71号公告附件1.doc 已添加到ZIP包
2025-08-10 19:00     附件 国家药品监督管理局2025年第71号公告附件2.doc 已添加到ZIP包
2025-08-10 19:00     ZIP包创建成功: D:\海关接口\海关数据推送\output\downloads\yjj\2025-07-24_国家药监局关于人参北芪胶囊和脑心舒口服液转换为非处方药的公告（2025年第71号）.zip, 包含 4 个文件
2025-08-10 19:00     临时文件清理完成
2025-08-10 19:00     9.PDF保存成功
2025-08-10 19:00     PDF文件已添加到ZIP包
2025-08-10 19:00     PNG截图已添加到ZIP包
2025-08-10 19:00     ZIP包创建成功: D:\海关接口\海关数据推送\output\downloads\yjj\2025-07-22_国家药监局关于中药保护品种的公告（延长保护期第23号）（2025年第70号）.zip, 包含 2 个文件
2025-08-10 19:00     临时文件清理完成
2025-08-10 19:00     10.PDF保存成功
2025-08-10 19:00     PDF文件已添加到ZIP包
2025-08-10 19:00     PNG截图已添加到ZIP包
2025-08-10 19:00     ZIP包创建成功: D:\海关接口\海关数据推送\output\downloads\yjj\2025-07-22_中药保护品种公告(第28号)(2025年第68号).zip, 包含 2 个文件
2025-08-10 19:00     临时文件清理完成
2025-08-10 19:00     11.PDF保存成功
2025-08-10 19:00     找到 1 个附件
2025-08-10 19:00     下载成功: D:\海关接口\海关数据推送\output\downloads\yjj\国家药品监督管理局2025年第72号公告附件.docx
2025-08-10 19:00     PDF文件已添加到ZIP包
2025-08-10 19:00     PNG截图已添加到ZIP包
2025-08-10 19:00     附件 国家药品监督管理局2025年第72号公告附件.docx 已添加到ZIP包
2025-08-10 19:00     ZIP包创建成功: D:\海关接口\海关数据推送\output\downloads\yjj\2025-07-21_国家药监局关于修订复方甘草酸单铵S注射剂说明书的公告（2025年第72号）.zip, 包含 3 个文件
2025-08-10 19:00     临时文件清理完成
2025-08-10 19:00     12.PDF保存成功
2025-08-10 19:00     找到 1 个附件
2025-08-10 19:00     下载成功: D:\海关接口\海关数据推送\output\downloads\yjj\国家药品监督管理局2025年第69号公告附件.docx
2025-08-10 19:00     PDF文件已添加到ZIP包
2025-08-10 19:00     PNG截图已添加到ZIP包
2025-08-10 19:00     附件 国家药品监督管理局2025年第69号公告附件.docx 已添加到ZIP包
2025-08-10 19:00     ZIP包创建成功: D:\海关接口\海关数据推送\output\downloads\yjj\2025-07-17_国家药监局关于废止《外科植入物 金属材料 第7部分：可锻和冷加工的钴-铬-镍-钼-铁合金》等3项医疗器械行业标准的公告（2025年第69号）.zip, 包含 3 个文件
2025-08-10 19:00     临时文件清理完成
2025-08-10 19:00     13.PDF保存成功
2025-08-10 19:00     找到 1 个附件
2025-08-10 19:00     下载成功: D:\海关接口\海关数据推送\output\downloads\yjj\国家药品监督管理局2025年第26号通告附件.docx
2025-08-10 19:00     PDF文件已添加到ZIP包
2025-08-10 19:00     PNG截图已添加到ZIP包
2025-08-10 19:00     附件 国家药品监督管理局2025年第26号通告附件.docx 已添加到ZIP包
2025-08-10 19:00     ZIP包创建成功: D:\海关接口\海关数据推送\output\downloads\yjj\2025-07-15_国家药监局关于发布仿制药参比制剂目录（第九十四批）及调出参比制剂目录品种清单（第二批）的通告（2025年第26号）.zip, 包含 3 个文件
2025-08-10 19:00     临时文件清理完成
2025-08-10 19:00     14.PDF保存成功
2025-08-10 19:00     找到 1 个附件
2025-08-10 19:00     下载成功: D:\海关接口\海关数据推送\output\downloads\yjj\国家药品监督管理局2025年第67号公告附件.doc
2025-08-10 19:00     PDF文件已添加到ZIP包
2025-08-10 19:00     PNG截图已添加到ZIP包
2025-08-10 19:00     附件 国家药品监督管理局2025年第67号公告附件.doc 已添加到ZIP包
2025-08-10 19:00     ZIP包创建成功: D:\海关接口\海关数据推送\output\downloads\yjj\2025-07-15_国家药监局关于批准注册225个医疗器械产品的公告(2025年6月)(2025年第67号).zip, 包含 3 个文件
2025-08-10 19:00     临时文件清理完成
2025-08-10 19:00     15.PDF保存成功
2025-08-10 19:00     PDF文件已添加到ZIP包
2025-08-10 19:00     PNG截图已添加到ZIP包
2025-08-10 19:00     ZIP包创建成功: D:\海关接口\海关数据推送\output\downloads\yjj\2025-07-11_2025年7月11日中药品种保护受理公示.zip, 包含 2 个文件
2025-08-10 19:00     临时文件清理完成
2025-08-10 19:01     16.PDF保存成功
2025-08-10 19:01     PDF文件已添加到ZIP包
2025-08-10 19:01     PNG截图已添加到ZIP包
2025-08-10 19:01     ZIP包创建成功: D:\海关接口\海关数据推送\output\downloads\yjj\2025-07-09_国家药监局关于注销咽鼓管压力测量仪等17个医疗器械注册证书的公告（2025年第66号）.zip, 包含 2 个文件
2025-08-10 19:01     临时文件清理完成
2025-08-10 19:01     17.PDF保存成功
2025-08-10 19:01     PDF文件已添加到ZIP包
2025-08-10 19:01     PNG截图已添加到ZIP包
2025-08-10 19:01     ZIP包创建成功: D:\海关接口\海关数据推送\output\downloads\yjj\2025-07-09_中药保护品种公告(第27号)(2025年第65号).zip, 包含 2 个文件
2025-08-10 19:01     临时文件清理完成
2025-08-10 19:01     18.PDF保存成功
2025-08-10 19:01     找到 2 个附件
2025-08-10 19:01     下载成功: D:\海关接口\海关数据推送\output\downloads\yjj\国家药品监督管理局2025年第64号公告附件1.docx
2025-08-10 19:01     下载成功: D:\海关接口\海关数据推送\output\downloads\yjj\国家药品监督管理局2025年第64号公告附件2.docx
2025-08-10 19:01     PDF文件已添加到ZIP包
2025-08-10 19:01     PNG截图已添加到ZIP包
2025-08-10 19:01     附件 国家药品监督管理局2025年第64号公告附件1.docx 已添加到ZIP包
2025-08-10 19:01     附件 国家药品监督管理局2025年第64号公告附件2.docx 已添加到ZIP包
2025-08-10 19:01     ZIP包创建成功: D:\海关接口\海关数据推送\output\downloads\yjj\2025-07-08_国家药监局关于心神宁胶囊转换为非处方药的公告（2025年第64号）.zip, 包含 4 个文件
2025-08-10 19:01     临时文件清理完成
2025-08-10 19:01     19.PDF保存成功
2025-08-10 19:01     找到 1 个附件
2025-08-10 19:01     下载成功: D:\海关接口\海关数据推送\output\downloads\yjj\国家药品监督管理局2025年第24号通告附件.doc
2025-08-10 19:01     PDF文件已添加到ZIP包
2025-08-10 19:01     PNG截图已添加到ZIP包
2025-08-10 19:01     附件 国家药品监督管理局2025年第24号通告附件.doc 已添加到ZIP包
2025-08-10 19:01     ZIP包创建成功: D:\海关接口\海关数据推送\output\downloads\yjj\2025-07-08_国家药监局关于发布仿制药参比制剂目录（第九十三批）的通告（2025年第24号）.zip, 包含 3 个文件
2025-08-10 19:01     临时文件清理完成
2025-08-10 19:01     20.PDF保存成功
2025-08-10 19:01     PDF文件已添加到ZIP包
2025-08-10 19:01     PNG截图已添加到ZIP包
2025-08-10 19:01     ZIP包创建成功: D:\海关接口\海关数据推送\output\downloads\yjj\2025-07-03_国家药监局关于发布优化全生命周期监管支持高端医疗器械创新发展有关举措的公告（2025年第63号）.zip, 包含 2 个文件
2025-08-10 19:01     临时文件清理完成
2025-08-10 19:01     
共保存 20 条记录,新增 20 条记录
